Arguments: 
  C:\Program Files\nodejs\node.exe C:\Program Files (x86)\Yarn\bin\yarn.js add @types/enet.c

PATH: 
  C:\ProgramData\DockerDesktop\version-bin;C:\Program Files\Docker\Docker\Resources\bin;C:\Python38\Scripts\;C:\Python38\;C:\Python37\Scripts\;C:\Python37\;C:\Windows\system32;C:\Windows;C:\Windows\System32\Wbem;C:\Windows\System32\WindowsPowerShell\v1.0\;C:\Windows\System32\OpenSSH\;C:\ProgramData\chocolatey\bin;C:\Program Files\Git\cmd;C:\Users\EvilC\AppData\Local\autojump\bin;C:\Users\EvilC\software\bin;C:\Go\bin;C:\Program Files\nodejs\;C:\Program Files (x86)\Yarn\bin\;C:\Users\EvilC\software\proxy-windows-amd64\;C:\Users\EvilC\AppData\Local\Microsoft\WindowsApps;C:\Users\EvilC\AppData\Local\Programs\Microsoft VS Code\bin;C:\Program Files\Bandizip\;C:\Users\EvilC\go\bin;C:\ProgramData\chocolatey\lib\mingw\tools\install\mingw64\bin;C:\Program Files\JetBrains\CLion 2019.2.4\bin;;C:\Users\EvilC\AppData\Roaming\npm;C:\Users\EvilC\AppData\Local\Yarn\bin;C:\tools\neovim\Neovim\bin;C:\Program Files\CMake\bin;C:\texlive\2019\bin\win32

Yarn version: 
  1.19.1

Node version: 
  13.0.1

Platform: 
  win32 x64

Trace: 
  Error: https://registry.npm.taobao.org/@types%2fenet.c: Not found
      at Request.params.callback [as _callback] (C:\Program Files (x86)\Yarn\lib\cli.js:66035:18)
      at Request.self.callback (C:\Program Files (x86)\Yarn\lib\cli.js:140564:22)
      at Request.emit (events.js:210:5)
      at Request.<anonymous> (C:\Program Files (x86)\Yarn\lib\cli.js:141536:10)
      at Request.emit (events.js:210:5)
      at IncomingMessage.<anonymous> (C:\Program Files (x86)\Yarn\lib\cli.js:141458:12)
      at Object.onceWrapper (events.js:299:28)
      at IncomingMessage.emit (events.js:215:7)
      at endReadableNT (_stream_readable.js:1198:12)
      at processTicksAndRejections (internal/process/task_queues.js:80:21)

npm manifest: 
  {
    "name": "hust-thief",
    "version": "1.0.0",
    "main": "index.js",
    "license": "MIT",
    "devDependencies": {
      "@types/node": "^12.12.11",
      "@types/node-powershell": "^3.1.0"
    },
    "dependencies": {
      "enet.c": "^2.1.3",
      "node-powershell": "^4.0.0"
    }
  }

yarn manifest: 
  No manifest

Lockfile: 
  # THIS IS AN AUTOGENERATED FILE. DO NOT EDIT THIS FILE DIRECTLY.
  # yarn lockfile v1
  
  
  "@types/node-powershell@^3.1.0":
    version "3.1.0"
    resolved "https://registry.npm.taobao.org/@types/node-powershell/download/@types/node-powershell-3.1.0.tgz#09a8d69b8238154eefec220c9318b3e199fa6d58"
    integrity sha1-CajWm4I4FU7v7CIMkxiz4Zn6bVg=
    dependencies:
      "@types/node" "*"
  
  "@types/node@*", "@types/node@^12.12.11":
    version "12.12.11"
    resolved "https://registry.npm.taobao.org/@types/node/download/@types/node-12.12.11.tgz?cache=0&sync_timestamp=1574192896057&other_urls=https%3A%2F%2Fregistry.npm.taobao.org%2F%40types%2Fnode%2Fdownload%2F%40types%2Fnode-12.12.11.tgz#bec2961975888d964196bf0016a2f984d793d3ce"
    integrity sha1-vsKWGXWIjZZBlr8AFqL5hNeT084=
  
  ansi-styles@^3.2.1:
    version "3.2.1"
    resolved "https://registry.npm.taobao.org/ansi-styles/download/ansi-styles-3.2.1.tgz?cache=0&sync_timestamp=1573557628456&other_urls=https%3A%2F%2Fregistry.npm.taobao.org%2Fansi-styles%2Fdownload%2Fansi-styles-3.2.1.tgz#41fbb20243e50b12be0f04b8dedbf07520ce841d"
    integrity sha1-QfuyAkPlCxK+DwS43tvwdSDOhB0=
    dependencies:
      color-convert "^1.9.0"
  
  chalk@^2.4.1:
    version "2.4.2"
    resolved "https://registry.npm.taobao.org/chalk/download/chalk-2.4.2.tgz?cache=0&sync_timestamp=1573282918610&other_urls=https%3A%2F%2Fregistry.npm.taobao.org%2Fchalk%2Fdownload%2Fchalk-2.4.2.tgz#cd42541677a54333cf541a49108c1432b44c9424"
    integrity sha1-zUJUFnelQzPPVBpJEIwUMrRMlCQ=
    dependencies:
      ansi-styles "^3.2.1"
      escape-string-regexp "^1.0.5"
      supports-color "^5.3.0"
  
  color-convert@^1.9.0:
    version "1.9.3"
    resolved "https://registry.npm.taobao.org/color-convert/download/color-convert-1.9.3.tgz#bb71850690e1f136567de629d2d5471deda4c1e8"
    integrity sha1-u3GFBpDh8TZWfeYp0tVHHe2kweg=
    dependencies:
      color-name "1.1.3"
  
  color-name@1.1.3:
    version "1.1.3"
    resolved "https://registry.npm.taobao.org/color-name/download/color-name-1.1.3.tgz#a7d0558bd89c42f795dd42328f740831ca53bc25"
    integrity sha1-p9BVi9icQveV3UIyj3QIMcpTvCU=
  
  enet.c@^2.1.3:
    version "2.1.3"
    resolved "https://registry.npm.taobao.org/enet.c/download/enet.c-2.1.3.tgz#48d4cf5e857a3c8966d88bb7ff7750983353bd33"
    integrity sha1-SNTPXoV6PIlm2Iu3/3dQmDNTvTM=
  
  escape-string-regexp@^1.0.5:
    version "1.0.5"
    resolved "https://registry.npm.taobao.org/escape-string-regexp/download/escape-string-regexp-1.0.5.tgz?cache=0&other_urls=https%3A%2F%2Fregistry.npm.taobao.org%2Fescape-string-regexp%2Fdownload%2Fescape-string-regexp-1.0.5.tgz#1b61c0562190a8dff6ae3bb2cf0200ca130b86d4"
    integrity sha1-G2HAViGQqN/2rjuyzwIAyhMLhtQ=
  
  has-flag@^3.0.0:
    version "3.0.0"
    resolved "https://registry.npm.taobao.org/has-flag/download/has-flag-3.0.0.tgz#b5d454dc2199ae225699f3467e5a07f3b955bafd"
    integrity sha1-tdRU3CGZriJWmfNGfloH87lVuv0=
  
  nanoid@^2.1.0:
    version "2.1.7"
    resolved "https://registry.npm.taobao.org/nanoid/download/nanoid-2.1.7.tgz?cache=0&sync_timestamp=1573869388010&other_urls=https%3A%2F%2Fregistry.npm.taobao.org%2Fnanoid%2Fdownload%2Fnanoid-2.1.7.tgz#d775e3e7c6470bbaaae3da9a647a80e228e0abf7"
    integrity sha1-13Xj58ZHC7qq49qaZHqA4ijgq/c=
  
  node-powershell@^4.0.0:
    version "4.0.0"
    resolved "https://registry.npm.taobao.org/node-powershell/download/node-powershell-4.0.0.tgz#f3a0b1ec4f5619b501b66005f8a663c8373e8da8"
    integrity sha1-86Cx7E9WGbUBtmAF+KZjyDc+jag=
    dependencies:
      chalk "^2.4.1"
      shortid "^2.2.14"
  
  shortid@^2.2.14:
    version "2.2.15"
    resolved "https://registry.npm.taobao.org/shortid/download/shortid-2.2.15.tgz?cache=0&sync_timestamp=1567753670835&other_urls=https%3A%2F%2Fregistry.npm.taobao.org%2Fshortid%2Fdownload%2Fshortid-2.2.15.tgz#2b902eaa93a69b11120373cd42a1f1fe4437c122"
    integrity sha1-K5AuqpOmmxESA3PNQqHx/kQ3wSI=
    dependencies:
      nanoid "^2.1.0"
  
  supports-color@^5.3.0:
    version "5.5.0"
    resolved "https://registry.npm.taobao.org/supports-color/download/supports-color-5.5.0.tgz?cache=0&sync_timestamp=1569557271992&other_urls=https%3A%2F%2Fregistry.npm.taobao.org%2Fsupports-color%2Fdownload%2Fsupports-color-5.5.0.tgz#e2e69a44ac8772f78a1ec0b35b689df6530efc8f"
    integrity sha1-4uaaRKyHcveKHsCzW2id9lMO/I8=
    dependencies:
      has-flag "^3.0.0"
